1708520363162	geckodriver	INFO	Listening on 127.0.0.1:38741
1708520363169	mozrunner::runner	INFO	Running command: MOZ_CRASHREPORTER="1" MOZ_CRASHREPORTER_NO_REPORT="1" MOZ_CRASHREPORTER_SHUTDOWN="1" MOZ_NO_REMOTE="1" "/usr/bin/firefox" "--marionette" "--headless" "-no-remote" "-profile" "/tmp/rust_mozprofileLbskpr"
*** You are running in headless mode.
console.warn: services.settings: Ignoring preference override of remote settings server
console.warn: services.settings: Allow by setting MOZ_REMOTE_SETTINGS_DEVTOOLS=1 in the environment
1708520363622	Marionette	INFO	Marionette enabled
1708520363715	Marionette	INFO	Listening on port 45421
Read port: 45421
1708520363963	RemoteAgent	WARN	TLS certificate errors will be ignored for this session
[GFX1-]: RenderCompositorSWGL failed mapping default framebuffer, no dt
console.error: ({})
1708520374112	geckodriver	INFO	Listening on 127.0.0.1:58641
1708520375117	mozrunner::runner	INFO	Running command: MOZ_CRASHREPORTER="1" MOZ_CRASHREPORTER_NO_REPORT="1" MOZ_CRASHREPORTER_SHUTDOWN="1" MOZ_NO_REMOTE="1" "/usr/bin/firefox" "--marionette" "--headless" "-no-remote" "-profile" "/tmp/rust_mozprofile3aayJi"
*** You are running in headless mode.
console.warn: services.settings: Ignoring preference override of remote settings server
console.warn: services.settings: Allow by setting MOZ_REMOTE_SETTINGS_DEVTOOLS=1 in the environment
1708520375572	Marionette	INFO	Marionette enabled
1708520375675	Marionette	INFO	Listening on port 39587
Read port: 39587
1708520375948	RemoteAgent	WARN	TLS certificate errors will be ignored for this session
[GFX1-]: RenderCompositorSWGL failed mapping default framebuffer, no dt
console.error: ({})
console.error: "update.locale" " file doesn't exist in either the application or GRE directories"
1708520393636	addons.xpi	ERROR	System addon update list error SyntaxError: XMLHttpRequest.open: 'http://%(server)s/dummy-system-addons.xml' is not a valid URL.
console.error: "update.locale" " file doesn't exist in either the application or GRE directories"
1708520407176	addons.xpi	ERROR	System addon update list error SyntaxError: XMLHttpRequest.open: 'http://%(server)s/dummy-system-addons.xml' is not a valid URL.
1708520443980	geckodriver	INFO	Listening on 127.0.0.1:47567
1708520443986	mozrunner::runner	INFO	Running command: MOZ_CRASHREPORTER="1" MOZ_CRASHREPORTER_NO_REPORT="1" MOZ_CRASHREPORTER_SHUTDOWN="1" MOZ_NO_REMOTE="1" "/usr/bin/firefox" "--marionette" "--headless" "-no-remote" "-profile" "/tmp/rust_mozprofilekD5BPA"
*** You are running in headless mode.
console.warn: services.settings: Ignoring preference override of remote settings server
console.warn: services.settings: Allow by setting MOZ_REMOTE_SETTINGS_DEVTOOLS=1 in the environment
1708520444434	Marionette	INFO	Marionette enabled
1708520444530	Marionette	INFO	Listening on port 41571
Read port: 41571
1708520444781	RemoteAgent	WARN	TLS certificate errors will be ignored for this session
[GFX1-]: RenderCompositorSWGL failed mapping default framebuffer, no dt
console.error: ({})
console.error: "update.locale" " file doesn't exist in either the application or GRE directories"
1708520475996	addons.xpi	ERROR	System addon update list error SyntaxError: XMLHttpRequest.open: 'http://%(server)s/dummy-system-addons.xml' is not a valid URL.
1708521449343	geckodriver	INFO	Listening on 127.0.0.1:51093
1708521450349	mozrunner::runner	INFO	Running command: MOZ_CRASHREPORTER="1" MOZ_CRASHREPORTER_NO_REPORT="1" MOZ_CRASHREPORTER_SHUTDOWN="1" MOZ_NO_REMOTE="1" "/usr/bin/firefox" "--marionette" "-no-remote" "-profile" "/tmp/rust_mozprofileqmaqIh"
console.warn: services.settings: Ignoring preference override of remote settings server
console.warn: services.settings: Allow by setting MOZ_REMOTE_SETTINGS_DEVTOOLS=1 in the environment
ATTENTION: default value of option mesa_glthread overridden by environment.
1708521451344	Marionette	INFO	Marionette enabled
ATTENTION: default value of option mesa_glthread overridden by environment.
1708521451510	Marionette	INFO	Listening on port 36215
Read port: 36215
1708521451778	RemoteAgent	WARN	TLS certificate errors will be ignored for this session
console.error: ({})
console.error: "update.locale" " file doesn't exist in either the application or GRE directories"
1708521482495	addons.xpi	ERROR	System addon update list error SyntaxError: XMLHttpRequest.open: 'http://%(server)s/dummy-system-addons.xml' is not a valid URL.
JavaScript warning: https://static.xx.fbcdn.net/rsrc.php/v3ihVQ4/y9/l/en_US/M2f06ahule5.js?_nc_x=Ij3Wp8lg5Kz, line 21: WEBGL_debug_renderer_info is deprecated in Firefox and will be removed. Please use RENDERER.
console.warn: LoginRecipes: "Falling back to a synchronous message for: https://www.facebook.com."
1708521589241	Marionette	INFO	Stopped listening on port 36215
JavaScript error: chrome://remote/content/marionette/cert.sys.mjs, line 51: NS_ERROR_NOT_AVAILABLE: Component returned failure code: 0x80040111 (NS_ERROR_NOT_AVAILABLE) [nsICertOverrideService.setDisableAllSecurityChecksAndLetAttackersInterceptMyData]
1708521657547	geckodriver	INFO	Listening on 127.0.0.1:54671
1708521657553	mozrunner::runner	INFO	Running command: MOZ_CRASHREPORTER="1" MOZ_CRASHREPORTER_NO_REPORT="1" MOZ_CRASHREPORTER_SHUTDOWN="1" MOZ_NO_REMOTE="1" "/usr/bin/firefox" "--marionette" "-no-remote" "-profile" "/tmp/rust_mozprofileZiSD8z"
console.warn: services.settings: Ignoring preference override of remote settings server
console.warn: services.settings: Allow by setting MOZ_REMOTE_SETTINGS_DEVTOOLS=1 in the environment
ATTENTION: default value of option mesa_glthread overridden by environment.
1708521658545	Marionette	INFO	Marionette enabled
ATTENTION: default value of option mesa_glthread overridden by environment.
1708521658723	Marionette	INFO	Listening on port 39697
Read port: 39697
1708521658956	RemoteAgent	WARN	TLS certificate errors will be ignored for this session
console.error: ({})
JavaScript warning: https://static.xx.fbcdn.net/rsrc.php/v3ihVQ4/y9/l/en_US/M2f06ahule5.js?_nc_x=Ij3Wp8lg5Kz, line 21: WEBGL_debug_renderer_info is deprecated in Firefox and will be removed. Please use RENDERER.
console.warn: LoginRecipes: "Falling back to a synchronous message for: https://www.facebook.com."
1708521683784	Marionette	INFO	Stopped listening on port 39697
JavaScript error: chrome://remote/content/marionette/cert.sys.mjs, line 51: NS_ERROR_NOT_AVAILABLE: Component returned failure code: 0x80040111 (NS_ERROR_NOT_AVAILABLE) [nsICertOverrideService.setDisableAllSecurityChecksAndLetAttackersInterceptMyData]
1708521844727	geckodriver::marionette	ERROR	Failed to close browser connection: unknown error
1708521851670	geckodriver	INFO	Listening on 127.0.0.1:42687
1708521852678	mozrunner::runner	INFO	Running command: MOZ_CRASHREPORTER="1" MOZ_CRASHREPORTER_NO_REPORT="1" MOZ_CRASHREPORTER_SHUTDOWN="1" MOZ_NO_REMOTE="1" "/usr/bin/firefox" "--marionette" "-no-remote" "-profile" "/tmp/rust_mozprofileCXM2Bk"
console.warn: services.settings: Ignoring preference override of remote settings server
console.warn: services.settings: Allow by setting MOZ_REMOTE_SETTINGS_DEVTOOLS=1 in the environment
ATTENTION: default value of option mesa_glthread overridden by environment.
1708521853819	Marionette	INFO	Marionette enabled
ATTENTION: default value of option mesa_glthread overridden by environment.
1708521854018	Marionette	INFO	Listening on port 34249
Read port: 34249
1708521854319	RemoteAgent	WARN	TLS certificate errors will be ignored for this session
console.error: ({})
JavaScript warning: https://static.xx.fbcdn.net/rsrc.php/v3ihVQ4/y9/l/en_US/M2f06ahule5.js?_nc_x=Ij3Wp8lg5Kz, line 21: WEBGL_debug_renderer_info is deprecated in Firefox and will be removed. Please use RENDERER.
console.warn: LoginRecipes: "Falling back to a synchronous message for: https://www.facebook.com."
console.error: "update.locale" " file doesn't exist in either the application or GRE directories"
1708521884065	addons.xpi	ERROR	System addon update list error SyntaxError: XMLHttpRequest.open: 'http://%(server)s/dummy-system-addons.xml' is not a valid URL.
1708522002949	geckodriver	INFO	Listening on 127.0.0.1:48149
1708522002955	mozrunner::runner	INFO	Running command: MOZ_CRASHREPORTER="1" MOZ_CRASHREPORTER_NO_REPORT="1" MOZ_CRASHREPORTER_SHUTDOWN="1" MOZ_NO_REMOTE="1" "/usr/bin/firefox" "--marionette" "-no-remote" "-profile" "/tmp/rust_mozprofileYjyCLh"
console.warn: services.settings: Ignoring preference override of remote settings server
console.warn: services.settings: Allow by setting MOZ_REMOTE_SETTINGS_DEVTOOLS=1 in the environment
ATTENTION: default value of option mesa_glthread overridden by environment.
1708522004066	Marionette	INFO	Marionette enabled
ATTENTION: default value of option mesa_glthread overridden by environment.
1708522004291	Marionette	INFO	Listening on port 38439
Read port: 38439
1708522004598	RemoteAgent	WARN	TLS certificate errors will be ignored for this session
console.error: ({})
JavaScript warning: https://static.xx.fbcdn.net/rsrc.php/v3ihVQ4/y9/l/en_US/M2f06ahule5.js?_nc_x=Ij3Wp8lg5Kz, line 21: WEBGL_debug_renderer_info is deprecated in Firefox and will be removed. Please use RENDERER.
console.warn: LoginRecipes: "Falling back to a synchronous message for: https://www.facebook.com."
console.error: "update.locale" " file doesn't exist in either the application or GRE directories"
1708522034132	addons.xpi	ERROR	System addon update list error SyntaxError: XMLHttpRequest.open: 'http://%(server)s/dummy-system-addons.xml' is not a valid URL.
JavaScript error: resource://gre/modules/AsyncShutdown.sys.mjs, line 573: NotFoundError: No such JSWindowActor 'DevToolsFrame'
JavaScript error: resource://gre/modules/AsyncShutdown.sys.mjs, line 573: NotFoundError: No such JSWindowActor 'DevToolsFrame'
1708522041383	Marionette	INFO	Stopped listening on port 38439
JavaScript error: chrome://remote/content/marionette/cert.sys.mjs, line 51: NS_ERROR_NOT_AVAILABLE: Component returned failure code: 0x80040111 (NS_ERROR_NOT_AVAILABLE) [nsICertOverrideService.setDisableAllSecurityChecksAndLetAttackersInterceptMyData]
1708522070792	geckodriver::marionette	ERROR	Failed to close browser connection: unknown error
1708522078245	geckodriver	INFO	Listening on 127.0.0.1:39277
1708522079252	mozrunner::runner	INFO	Running command: MOZ_CRASHREPORTER="1" MOZ_CRASHREPORTER_NO_REPORT="1" MOZ_CRASHREPORTER_SHUTDOWN="1" MOZ_NO_REMOTE="1" "/usr/bin/firefox" "--marionette" "-no-remote" "-profile" "/tmp/rust_mozprofiles2CdMv"
console.warn: services.settings: Ignoring preference override of remote settings server
console.warn: services.settings: Allow by setting MOZ_REMOTE_SETTINGS_DEVTOOLS=1 in the environment
ATTENTION: default value of option mesa_glthread overridden by environment.
1708522080243	Marionette	INFO	Marionette enabled
ATTENTION: default value of option mesa_glthread overridden by environment.
1708522080440	Marionette	INFO	Listening on port 38811
Read port: 38811
1708522080530	RemoteAgent	WARN	TLS certificate errors will be ignored for this session
console.error: ({})
JavaScript warning: https://static.xx.fbcdn.net/rsrc.php/v3ihVQ4/y9/l/en_US/M2f06ahule5.js?_nc_x=Ij3Wp8lg5Kz, line 21: WEBGL_debug_renderer_info is deprecated in Firefox and will be removed. Please use RENDERER.
console.warn: LoginRecipes: "Falling back to a synchronous message for: https://www.facebook.com."
1708522094606	Marionette	INFO	Stopped listening on port 38811
JavaScript error: chrome://remote/content/marionette/cert.sys.mjs, line 51: NS_ERROR_NOT_AVAILABLE: Component returned failure code: 0x80040111 (NS_ERROR_NOT_AVAILABLE) [nsICertOverrideService.setDisableAllSecurityChecksAndLetAttackersInterceptMyData]
1708522103867	Marionette	INFO	Stopped listening on port 34249
JavaScript error: chrome://remote/content/marionette/cert.sys.mjs, line 51: NS_ERROR_NOT_AVAILABLE: Component returned failure code: 0x80040111 (NS_ERROR_NOT_AVAILABLE) [nsICertOverrideService.setDisableAllSecurityChecksAndLetAttackersInterceptMyData]
1708522220571	geckodriver	INFO	Listening on 127.0.0.1:41943
1708522220578	mozrunner::runner	INFO	Running command: MOZ_CRASHREPORTER="1" MOZ_CRASHREPORTER_NO_REPORT="1" MOZ_CRASHREPORTER_SHUTDOWN="1" MOZ_NO_REMOTE="1" "/usr/bin/firefox" "--marionette" "-no-remote" "-profile" "/tmp/rust_mozprofileUsimV6"
console.warn: services.settings: Ignoring preference override of remote settings server
console.warn: services.settings: Allow by setting MOZ_REMOTE_SETTINGS_DEVTOOLS=1 in the environment
ATTENTION: default value of option mesa_glthread overridden by environment.
1708522221595	Marionette	INFO	Marionette enabled
ATTENTION: default value of option mesa_glthread overridden by environment.
1708522221757	Marionette	INFO	Listening on port 43011
Read port: 43011
1708522222088	RemoteAgent	WARN	TLS certificate errors will be ignored for this session
console.error: ({})
JavaScript warning: https://static.xx.fbcdn.net/rsrc.php/v3ihVQ4/y9/l/en_US/M2f06ahule5.js?_nc_x=Ij3Wp8lg5Kz, line 21: WEBGL_debug_renderer_info is deprecated in Firefox and will be removed. Please use RENDERER.
console.warn: LoginRecipes: "Falling back to a synchronous message for: https://www.facebook.com."
console.error: "update.locale" " file doesn't exist in either the application or GRE directories"
1708522251609	addons.xpi	ERROR	System addon update list error SyntaxError: XMLHttpRequest.open: 'http://%(server)s/dummy-system-addons.xml' is not a valid URL.
1708522494356	geckodriver	INFO	Listening on 127.0.0.1:39333
1708522495361	mozrunner::runner	INFO	Running command: MOZ_CRASHREPORTER="1" MOZ_CRASHREPORTER_NO_REPORT="1" MOZ_CRASHREPORTER_SHUTDOWN="1" MOZ_NO_REMOTE="1" "/usr/bin/firefox" "--marionette" "-no-remote" "-profile" "/tmp/rust_mozprofileee2Aj1"
console.warn: services.settings: Ignoring preference override of remote settings server
console.warn: services.settings: Allow by setting MOZ_REMOTE_SETTINGS_DEVTOOLS=1 in the environment
ATTENTION: default value of option mesa_glthread overridden by environment.
1708522496348	Marionette	INFO	Marionette enabled
ATTENTION: default value of option mesa_glthread overridden by environment.
1708522496500	Marionette	INFO	Listening on port 45171
Read port: 45171
1708522496755	RemoteAgent	WARN	TLS certificate errors will be ignored for this session
console.error: ({})
JavaScript warning: https://static.xx.fbcdn.net/rsrc.php/v3ihVQ4/y9/l/en_US/M2f06ahule5.js?_nc_x=Ij3Wp8lg5Kz, line 21: WEBGL_debug_renderer_info is deprecated in Firefox and will be removed. Please use RENDERER.
console.warn: LoginRecipes: "Falling back to a synchronous message for: https://www.facebook.com."
console.error: "update.locale" " file doesn't exist in either the application or GRE directories"
1708522526357	addons.xpi	ERROR	System addon update list error SyntaxError: XMLHttpRequest.open: 'http://%(server)s/dummy-system-addons.xml' is not a valid URL.
1708522541453	Marionette	INFO	Stopped listening on port 45171
JavaScript error: chrome://remote/content/marionette/cert.sys.mjs, line 51: NS_ERROR_NOT_AVAILABLE: Component returned failure code: 0x80040111 (NS_ERROR_NOT_AVAILABLE) [nsICertOverrideService.setDisableAllSecurityChecksAndLetAttackersInterceptMyData]
1708522627931	geckodriver	INFO	Listening on 127.0.0.1:47589
1708522627937	mozrunner::runner	INFO	Running command: MOZ_CRASHREPORTER="1" MOZ_CRASHREPORTER_NO_REPORT="1" MOZ_CRASHREPORTER_SHUTDOWN="1" MOZ_NO_REMOTE="1" "/usr/bin/firefox" "--marionette" "-no-remote" "-profile" "/tmp/rust_mozprofile2yy35w"
console.warn: services.settings: Ignoring preference override of remote settings server
console.warn: services.settings: Allow by setting MOZ_REMOTE_SETTINGS_DEVTOOLS=1 in the environment
ATTENTION: default value of option mesa_glthread overridden by environment.
1708522629032	Marionette	INFO	Marionette enabled
ATTENTION: default value of option mesa_glthread overridden by environment.
1708522629198	Marionette	INFO	Listening on port 42273
Read port: 42273
1708522629527	RemoteAgent	WARN	TLS certificate errors will be ignored for this session
console.error: ({})
JavaScript warning: https://static.xx.fbcdn.net/rsrc.php/v3ihVQ4/y9/l/en_US/M2f06ahule5.js?_nc_x=Ij3Wp8lg5Kz, line 21: WEBGL_debug_renderer_info is deprecated in Firefox and will be removed. Please use RENDERER.
console.warn: LoginRecipes: "Falling back to a synchronous message for: https://www.facebook.com."
console.error: "update.locale" " file doesn't exist in either the application or GRE directories"
1708522659632	addons.xpi	ERROR	System addon update list error SyntaxError: XMLHttpRequest.open: 'http://%(server)s/dummy-system-addons.xml' is not a valid URL.
1708522673552	geckodriver	INFO	Listening on 127.0.0.1:52035
1708522674558	mozrunner::runner	INFO	Running command: MOZ_CRASHREPORTER="1" MOZ_CRASHREPORTER_NO_REPORT="1" MOZ_CRASHREPORTER_SHUTDOWN="1" MOZ_NO_REMOTE="1" "/usr/bin/firefox" "--marionette" "-no-remote" "-profile" "/tmp/rust_mozprofile5qskK1"
console.warn: services.settings: Ignoring preference override of remote settings server
console.warn: services.settings: Allow by setting MOZ_REMOTE_SETTINGS_DEVTOOLS=1 in the environment
ATTENTION: default value of option mesa_glthread overridden by environment.
1708522675555	Marionette	INFO	Marionette enabled
ATTENTION: default value of option mesa_glthread overridden by environment.
1708522675709	Marionette	INFO	Listening on port 39633
Read port: 39633
1708522675993	RemoteAgent	WARN	TLS certificate errors will be ignored for this session
console.error: ({})
JavaScript warning: https://static.xx.fbcdn.net/rsrc.php/v3ihVQ4/y9/l/en_US/M2f06ahule5.js?_nc_x=Ij3Wp8lg5Kz, line 21: WEBGL_debug_renderer_info is deprecated in Firefox and will be removed. Please use RENDERER.
console.warn: LoginRecipes: "Falling back to a synchronous message for: https://www.facebook.com."
console.error: "update.locale" " file doesn't exist in either the application or GRE directories"
1708522705568	addons.xpi	ERROR	System addon update list error SyntaxError: XMLHttpRequest.open: 'http://%(server)s/dummy-system-addons.xml' is not a valid URL.
1708522712333	Marionette	INFO	Stopped listening on port 42273
JavaScript error: chrome://remote/content/marionette/cert.sys.mjs, line 51: NS_ERROR_NOT_AVAILABLE: Component returned failure code: 0x80040111 (NS_ERROR_NOT_AVAILABLE) [nsICertOverrideService.setDisableAllSecurityChecksAndLetAttackersInterceptMyData]
1708522714033	Marionette	INFO	Stopped listening on port 39633
JavaScript error: chrome://remote/content/marionette/cert.sys.mjs, line 51: NS_ERROR_NOT_AVAILABLE: Component returned failure code: 0x80040111 (NS_ERROR_NOT_AVAILABLE) [nsICertOverrideService.setDisableAllSecurityChecksAndLetAttackersInterceptMyData]
1708522811385	geckodriver	INFO	Listening on 127.0.0.1:44111
1708522811393	mozrunner::runner	INFO	Running command: MOZ_CRASHREPORTER="1" MOZ_CRASHREPORTER_NO_REPORT="1" MOZ_CRASHREPORTER_SHUTDOWN="1" MOZ_NO_REMOTE="1" "/usr/bin/firefox" "--marionette" "-no-remote" "-profile" "/tmp/rust_mozprofileHqGRS4"
console.warn: services.settings: Ignoring preference override of remote settings server
console.warn: services.settings: Allow by setting MOZ_REMOTE_SETTINGS_DEVTOOLS=1 in the environment
ATTENTION: default value of option mesa_glthread overridden by environment.
1708522812405	Marionette	INFO	Marionette enabled
ATTENTION: default value of option mesa_glthread overridden by environment.
1708522812568	Marionette	INFO	Listening on port 36891
Read port: 36891
1708522812816	RemoteAgent	WARN	TLS certificate errors will be ignored for this session
console.error: ({})
JavaScript warning: https://static.xx.fbcdn.net/rsrc.php/v3ihVQ4/y9/l/en_US/M2f06ahule5.js?_nc_x=Ij3Wp8lg5Kz, line 21: WEBGL_debug_renderer_info is deprecated in Firefox and will be removed. Please use RENDERER.
console.warn: LoginRecipes: "Falling back to a synchronous message for: https://www.facebook.com."
console.warn: LoginRecipes: "Falling back to a synchronous message for: https://www.facebook.com."
console.warn: LoginRecipes: "Falling back to a synchronous message for: https://www.facebook.com."
JavaScript warning: https://static.xx.fbcdn.net/rsrc.php/v3if6t4/y3/l/makehaste_jhash/o9n9Wuv87dxDSiW5d2pMl-Sdm7_s51f8MHXKV3Y4ui-Yhc0sTCLLnYMyXowdCC5Hmq3Z03I5mMTPC.js?_nc_x=Mr8oRx15msi, line 422: WEBGL_debug_renderer_info is deprecated in Firefox and will be removed. Please use RENDERER.
console.error: "update.locale" " file doesn't exist in either the application or GRE directories"
1708522843725	addons.xpi	ERROR	System addon update list error SyntaxError: XMLHttpRequest.open: 'http://%(server)s/dummy-system-addons.xml' is not a valid URL.
JavaScript warning: https://static.xx.fbcdn.net/rsrc.php/v3/yh/r/iZe0tbMqS10.js?_nc_x=Mr8oRx15msi, line 56: Script terminated by timeout at:
E@https://static.xx.fbcdn.net/rsrc.php/v3/yh/r/iZe0tbMqS10.js?_nc_x=Mr8oRx15msi:56:1513
a/</<@https://static.xx.fbcdn.net/rsrc.php/v3if6t4/y3/l/makehaste_jhash/o9n9Wuv87dxDSiW5d2pMl-Sdm7_s51f8MHXKV3Y4ui-Yhc0sTCLLnYMyXowdCC5Hmq3Z03I5mMTPC.js?_nc_x=Mr8oRx15msi:403:603
e@https://static.xx.fbcdn.net/rsrc.php/v3iENK4/y2/l/makehaste_jhash/jfKH7PD-URyRTPH3quJOwpJQyDjqiwhuvn8ReVJO9XfpbV2_OUphsBSfpyKZXjdmZyuXw07GJuqWruC7kx6EIVJ0eJ0ODuEnJ5BZQllFv7EHElkxUeYMQX6k4TLcoXIq7aSo3kcsUul0dTnN-E50wvs3DLiohequXDuSADMk2kQkqv5XwV6iXQXxzjiLS6-Iv3jAMCTgxsG9DnCKpFRGbhL5vOkTIALmSODRH8MKf9EoBalMsfdwbmPg8_HyeHFdC1sxKpCcMfndKYQbnU6XNyFSd1_45q4GgFy-KE-zjxeAzlfNQ0LLVNlPt7l7J1J4KpoydtwVIh.js?_nc_x=Mr8oRx15msi:94:7368
value@https://static.xx.fbcdn.net/rsrc.php/v3iENK4/y2/l/makehaste_jhash/jfKH7PD-URyRTPH3quJOwpJQyDjqiwhuvn8ReVJO9XfpbV2_OUphsBSfpyKZXjdmZyuXw07GJuqWruC7kx6EIVJ0eJ0ODuEnJ5BZQllFv7EHElkxUeYMQX6k4TLcoXIq7aSo3kcsUul0dTnN-E50wvs3DLiohequXDuSADMk2kQkqv5XwV6iXQXxzjiLS6-Iv3jAMCTgxsG9DnCKpFRGbhL5vOkTIALmSODRH8MKf9EoBalMsfdwbmPg8_HyeHFdC1sxKpCcMfndKYQbnU6XNyFSd1_45q4GgFy-KE-zjxeAzlfNQ0LLVNlPt7l7J1J4KpoydtwVIh.js?_nc_x=Mr8oRx15msi:94:6416
a/F/<@https://static.xx.fbcdn.net/rsrc.php/v3iENK4/y2/l/makehaste_jhash/jfKH7PD-URyRTPH3quJOwpJQyDjqiwhuvn8ReVJO9XfpbV2_OUphsBSfpyKZXjdmZyuXw07GJuqWruC7kx6EIVJ0eJ0ODuEnJ5BZQllFv7EHElkxUeYMQX6k4TLcoXIq7aSo3kcsUul0dTnN-E50wvs3DLiohequXDuSADMk2kQkqv5XwV6iXQXxzjiLS6-Iv3jAMCTgxsG9DnCKpFRGbhL5vOkTIALmSODRH8MKf9EoBalMsfdwbmPg8_HyeHFdC1sxKpCcMfndKYQbnU6XNyFSd1_45q4GgFy-KE-zjxeAzlfNQ0LLVNlPt7l7J1J4KpoydtwVIh.js?_nc_x=Mr8oRx15msi:94:6810
a/runExclusively/</f<@https://static.xx.fbcdn.net/rsrc.php/v3iLNG4/y7/l/makehaste_jhash/vtAF2wcBvD6PSuxL1rZSb8tQykBXFmOH1lMsQQNdLi6abY2ictso2gWJrdP-bGOybRjx86wXjAYM5BS8BMZcpNzw_WMSGSqrZZN4lhDaNpa9TkxI_fRFl0Mjq9uZOaxA1Vv3-br9Gm_V9hjQWLhOq3aVY9szGViW5QJXHe_W1d3hEIz880Yu48pqJkfTpT0Y8yqCY2dB5loB2MQ7HmjrRtnUMffnv0_mH8KAU-k86FHmSNfzXXIMUjVPwXU7ghvI-uqQs9HLzzhLZKCizPyC__epF1pZiFICxWA4hp5ciXGXBeCMhGw7vuXQ3MfkL4aNZ08_g2RXOq.js?_nc_x=Mr8oRx15msi:26:3906
h@https://static.xx.fbcdn.net/rsrc.php/v3ihvX4/yW/l/makehaste_jhash/nucw9-3hK7r5iwlQ_tC_EeYsSQ660l7PbiwpSzF6PjPr9XIEs8OVHuNkSzNNLPNBHpFNypOxCvcaRdVpe_5sZSnAZ-iRan2BIZQM60OFPwh0pEUreKrUIErLGehDMjPHtOrckXZkmWiZCVGr-OGiB24-dian5kCd465jc24MVCbSfjFX83NlI23E9ia1taHuL-tz8m2Uj9w9OGS6giEPxA1PKT4IWgG9iZI3TVF6t4CpSSDCgnNzxEoeBoAAQeWLRNCp_KT48uf4vFDVr6MG_YFSZq37l8eDAjfBbVMRTyTxd215uLlsp55HfXW__mMe9COMMAHpJ-.js?_nc_x=Mr8oRx15msi:453:125
g@https://static.xx.fbcdn.net/rsrc.php/v3ihvX4/yW/l/makehaste_jhash/nucw9-3hK7r5iwlQ_tC_EeYsSQ660l7PbiwpSzF6PjPr9XIEs8OVHuNkSzNNLPNBHpFNypOxCvcaRdVpe_5sZSnAZ-iRan2BIZQM60OFPwh0pEUreKrUIErLGehDMjPHtOrckXZkmWiZCVGr-OGiB24-dian5kCd465jc24MVCbSfjFX83NlI23E9ia1taHuL-tz8m2Uj9w9OGS6giEPxA1PKT4IWgG9iZI3TVF6t4CpSSDCgnNzxEoeBoAAQeWLRNCp_KT48uf4vFDVr6MG_YFSZq37l8eDAjfBbVMRTyTxd215uLlsp55HfXW__mMe9COMMAHpJ-.js?_nc_x=Mr8oRx15msi:453:350
a/</<@https://static.xx.fbcdn.net/rsrc.php/v3ihvX4/yW/l/makehaste_jhash/nucw9-3hK7r5iwlQ_tC_EeYsSQ660l7PbiwpSzF6PjPr9XIEs8OVHuNkSzNNLPNBHpFNypOxCvcaRdVpe_5sZSnAZ-iRan2BIZQM60OFPwh0pEUreKrUIErLGehDMjPHtOrckXZkmWiZCVGr-OGiB24-dian5kCd465jc24MVCbSfjFX83NlI23E9ia1taHuL-tz8m2Uj9w9OGS6giEPxA1PKT4IWgG9iZI3TVF6t4CpSSDCgnNzxEoeBoAAQeWLRNCp_KT48uf4vFDVr6MG_YFSZq37l8eDAjfBbVMRTyTxd215uLlsp55HfXW__mMe9COMMAHpJ-.js?_nc_x=Mr8oRx15msi:453:409
a/<@https://static.xx.fbcdn.net/rsrc.php/v3ihvX4/yW/l/makehaste_jhash/nucw9-3hK7r5iwlQ_tC_EeYsSQ660l7PbiwpSzF6PjPr9XIEs8OVHuNkSzNNLPNBHpFNypOxCvcaRdVpe_5sZSnAZ-iRan2BIZQM60OFPwh0pEUreKrUIErLGehDMjPHtOrckXZkmWiZCVGr-OGiB24-dian5kCd465jc24MVCbSfjFX83NlI23E9ia1taHuL-tz8m2Uj9w9OGS6giEPxA1PKT4IWgG9iZI3TVF6t4CpSSDCgnNzxEoeBoAAQeWLRNCp_KT48uf4vFDVr6MG_YFSZq37l8eDAjfBbVMRTyTxd215uLlsp55HfXW__mMe9COMMAHpJ-.js?_nc_x=Mr8oRx15msi:453:277

1708522853248	Marionette	INFO	Stopped listening on port 36891
JavaScript error: chrome://remote/content/marionette/cert.sys.mjs, line 51: NS_ERROR_NOT_AVAILABLE: Component returned failure code: 0x80040111 (NS_ERROR_NOT_AVAILABLE) [nsICertOverrideService.setDisableAllSecurityChecksAndLetAttackersInterceptMyData]
JavaScript error: resource://gre/modules/AsyncShutdown.sys.mjs, line 573: NotFoundError: No such JSWindowActor 'DevToolsFrame'
1708522855644	Marionette	INFO	Stopped listening on port 43011
